\BOOKMARK [1][-]{section.1}{\376\377\000P\000r\000i\000n\000c\000i\000p\000l\000e\000s\000\040\000a\000n\000d\000\040\000O\000b\000j\000e\000c\000t\000i\000v\000e\000s\000\040\000o\000f\000\040\000t\000h\000e\000\040\000C\000l\000u\000b}{}% 1
\BOOKMARK [2][-]{subsection.1.1}{\376\377\000P\000r\000i\000m\000a\000r\000y\000\040\000O\000b\000j\000e\000c\000t\000i\000v\000e\000s}{section.1}% 2
\BOOKMARK [2][-]{subsection.1.2}{\376\377\000N\000o\000t\000\040\000f\000o\000r\000\040\000P\000r\000o\000f\000i\000t\000\040\000C\000l\000a\000u\000s\000e}{section.1}% 3
\BOOKMARK [2][-]{subsection.1.3}{\376\377\000S\000t\000a\000t\000u\000s\000\040\000o\000f\000\040\000C\000o\000n\000s\000t\000i\000t\000u\000t\000i\000o\000n}{section.1}% 4
\BOOKMARK [1][-]{section.2}{\376\377\000N\000a\000m\000e}{}% 5
\BOOKMARK [2][-]{subsection.2.1}{\376\377\000T\000r\000a\000d\000i\000n\000g\000\040\000N\000a\000m\000e\000s}{section.2}% 6
\BOOKMARK [1][-]{section.3}{\376\377\000D\000e\000f\000i\000n\000i\000t\000i\000o\000n\000s}{}% 7
\BOOKMARK [1][-]{section.4}{\376\377\000M\000e\000m\000b\000e\000r\000s\000h\000i\000p}{}% 8
\BOOKMARK [2][-]{subsection.4.1}{\376\377\000G\000e\000n\000e\000r\000a\000l\000\040\000M\000e\000m\000b\000e\000r\000s\000h\000i\000p}{section.4}% 9
\BOOKMARK [2][-]{subsection.4.2}{\376\377\000A\000s\000s\000o\000c\000i\000a\000t\000e\000\040\000M\000e\000m\000b\000e\000r\000s\000h\000i\000p}{section.4}% 10
\BOOKMARK [2][-]{subsection.4.3}{\376\377\000H\000o\000n\000o\000r\000a\000r\000y\000\040\000M\000e\000m\000b\000e\000r\000s\000h\000i\000p}{section.4}% 11
\BOOKMARK [2][-]{subsection.4.4}{\376\377\000R\000e\000f\000u\000s\000a\000l\000\040\000a\000n\000d\000\040\000R\000e\000v\000o\000c\000a\000t\000i\000o\000n\000\040\000o\000f\000\040\000M\000e\000m\000b\000e\000r\000s\000h\000i\000p}{section.4}% 12
\BOOKMARK [3][-]{subsubsection.4.4.1}{\376\377\000P\000r\000o\000c\000e\000d\000u\000r\000e\000\040\000f\000o\000r\000\040\000R\000e\000f\000u\000s\000a\000l\000\040\000o\000r\000\040\000R\000e\000v\000o\000c\000a\000t\000i\000o\000n\000\040\000o\000f\000\040\000M\000e\000m\000b\000e\000r\000s\000h\000i\000p}{subsection.4.4}% 13
\BOOKMARK [1][-]{section.5}{\376\377\000M\000e\000m\000b\000e\000r\000s\000h\000i\000p\000\040\000F\000e\000e}{}% 14
\BOOKMARK [1][-]{section.6}{\376\377\000T\000e\000r\000m\000i\000n\000a\000t\000i\000o\000n\000\040\000o\000f\000\040\000M\000e\000m\000b\000e\000r\000s\000h\000i\000p}{}% 15
\BOOKMARK [2][-]{subsection.6.1}{\376\377\000O\000r\000d\000i\000n\000a\000r\000y\000\040\000M\000e\000m\000b\000e\000r\000s\000h\000i\000p\000\040\000T\000e\000r\000m\000i\000n\000a\000t\000i\000o\000n}{section.6}% 16
\BOOKMARK [2][-]{subsection.6.2}{\376\377\000S\000u\000s\000p\000e\000n\000d\000e\000d\000\040\000M\000e\000m\000b\000e\000r\000s}{section.6}% 17
\BOOKMARK [2][-]{subsection.6.3}{\376\377\000M\000e\000m\000b\000e\000r\000'\000s\000\040\000o\000w\000n\000\040\000c\000h\000o\000i\000c\000e}{section.6}% 18
\BOOKMARK [2][-]{subsection.6.4}{\376\377\000F\000e\000e\000\040\000r\000e\000f\000u\000n\000d}{section.6}% 19
\BOOKMARK [1][-]{section.7}{\376\377\000T\000h\000e\000\040\000C\000o\000m\000m\000i\000t\000t\000e\000e}{}% 20
\BOOKMARK [2][-]{subsection.7.1}{\376\377\000M\000a\000k\000e\000u\000p}{section.7}% 21
\BOOKMARK [2][-]{subsection.7.2}{\376\377\000E\000l\000e\000c\000t\000i\000o\000n}{section.7}% 22
\BOOKMARK [3][-]{subsubsection.7.2.1}{\376\377\000T\000u\000r\000n\000o\000v\000e\000r}{subsection.7.2}% 23
\BOOKMARK [2][-]{subsection.7.3}{\376\377\000D\000u\000t\000i\000e\000s}{section.7}% 24
\BOOKMARK [2][-]{subsection.7.4}{\376\377\000C\000a\000s\000u\000a\000l\000\040\000V\000a\000c\000a\000n\000c\000i\000e\000s}{section.7}% 25
\BOOKMARK [2][-]{subsection.7.5}{\376\377\000E\000x\000p\000i\000r\000a\000t\000i\000o\000n}{section.7}% 26
\BOOKMARK [2][-]{subsection.7.6}{\376\377\000C\000o\000m\000m\000i\000t\000t\000e\000e\000\040\000M\000e\000e\000t\000i\000n\000g\000s}{section.7}% 27
\BOOKMARK [2][-]{subsection.7.7}{\376\377\000R\000e\000m\000o\000v\000a\000l\000\040\000o\000f\000\040\000c\000o\000m\000m\000i\000t\000t\000e\000e\000\040\000m\000e\000m\000b\000e\000r\000s\000\040\000d\000u\000e\000\040\000t\000o\000\040\000a\000b\000s\000e\000n\000c\000e\000s}{section.7}% 28
\BOOKMARK [2][-]{subsection.7.8}{\376\377\000R\000e\000m\000o\000v\000a\000l\000\040\000o\000f\000\040\000c\000o\000m\000m\000i\000t\000t\000e\000e\000\040\000m\000e\000m\000b\000e\000r\000s\000\040\000d\000u\000e\000\040\000t\000o\000\040\000m\000i\000s\000c\000o\000n\000d\000u\000c\000t}{section.7}% 29
\BOOKMARK [1][-]{section.8}{\376\377\000S\000p\000e\000c\000i\000a\000l\000\040\000R\000e\000s\000o\000l\000u\000t\000i\000o\000n\000s\000\040\000o\000f\000\040\000t\000h\000e\000\040\000C\000o\000m\000m\000i\000t\000t\000e\000e}{}% 30
\BOOKMARK [2][-]{subsection.8.1}{\376\377\000D\000e\000f\000i\000n\000i\000t\000i\000o\000n}{section.8}% 31
\BOOKMARK [2][-]{subsection.8.2}{\376\377\000P\000r\000o\000c\000e\000s\000s}{section.8}% 32
\BOOKMARK [1][-]{section.9}{\376\377\000C\000o\000m\000m\000i\000t\000t\000e\000e\000\040\000M\000e\000e\000t\000i\000n\000g\000s}{}% 33
\BOOKMARK [2][-]{subsection.9.1}{\376\377\000C\000a\000l\000l\000i\000n\000g\000\040\000a\000\040\000M\000e\000e\000t\000i\000n\000g}{section.9}% 34
\BOOKMARK [2][-]{subsection.9.2}{\376\377\000V\000o\000t\000i\000n\000g\000\040\000P\000r\000o\000c\000e\000d\000u\000r\000e}{section.9}% 35
\BOOKMARK [2][-]{subsection.9.3}{\376\377\000M\000i\000n\000u\000t\000e\000s}{section.9}% 36
\BOOKMARK [2][-]{subsection.9.4}{\376\377\000S\000p\000e\000c\000i\000a\000l\000\040\000C\000i\000r\000c\000u\000m\000s\000t\000a\000n\000c\000e\000s}{section.9}% 37
\BOOKMARK [1][-]{section.10}{\376\377\000E\000x\000t\000r\000a\000o\000r\000d\000i\000n\000a\000r\000y\000\040\000C\000o\000m\000m\000i\000t\000t\000e\000e\000\040\000C\000h\000a\000n\000g\000e\000s}{}% 38
\BOOKMARK [2][-]{subsection.10.1}{\376\377\000C\000e\000s\000s\000a\000t\000i\000o\000n\000\040\000o\000f\000\040\000O\000f\000f\000i\000c\000e}{section.10}% 39
\BOOKMARK [2][-]{subsection.10.2}{\376\377\000F\000i\000l\000l\000i\000n\000g\000\040\000a\000\040\000V\000a\000c\000a\000n\000c\000y}{section.10}% 40
\BOOKMARK [1][-]{section.11}{\376\377\000T\000h\000e\000\040\000E\000x\000e\000c\000u\000t\000i\000v\000e\000\040\000B\000o\000d\000y}{}% 41
\BOOKMARK [2][-]{subsection.11.1}{\376\377\000M\000a\000k\000e\000u\000p}{section.11}% 42
\BOOKMARK [2][-]{subsection.11.2}{\376\377\000G\000e\000n\000e\000r\000a\000l\000\040\000P\000o\000w\000e\000r}{section.11}% 43
\BOOKMARK [2][-]{subsection.11.3}{\376\377\000A\000c\000t\000i\000n\000g\000\040\000P\000r\000e\000s\000i\000d\000e\000n\000c\000i\000e\000s}{section.11}% 44
\BOOKMARK [2][-]{subsection.11.4}{\376\377\000E\000l\000i\000g\000i\000b\000i\000l\000i\000t\000y\000\040\000t\000o\000\040\000h\000o\000l\000d\000\040\000p\000o\000s\000i\000t\000i\000o\000n\000s}{section.11}% 45
\BOOKMARK [2][-]{subsection.11.5}{\376\377\000W\000o\000r\000k\000i\000n\000g\000\040\000G\000r\000o\000u\000p\000s}{section.11}% 46
\BOOKMARK [1][-]{section.12}{\376\377\000T\000h\000e\000\040\000P\000r\000e\000s\000i\000d\000e\000n\000t}{}% 47
\BOOKMARK [2][-]{subsection.12.1}{\376\377\000D\000u\000t\000i\000e\000s}{section.12}% 48
\BOOKMARK [1][-]{section.13}{\376\377\000T\000h\000e\000\040\000V\000i\000c\000e\000\040\000P\000r\000e\000s\000i\000d\000e\000n\000t}{}% 49
\BOOKMARK [2][-]{subsection.13.1}{\376\377\000D\000u\000t\000i\000e\000s}{section.13}% 50
\BOOKMARK [1][-]{section.14}{\376\377\000T\000h\000e\000\040\000T\000r\000e\000a\000s\000u\000r\000e\000r}{}% 51
\BOOKMARK [2][-]{subsection.14.1}{\376\377\000D\000u\000t\000i\000e\000s}{section.14}% 52
\BOOKMARK [3][-]{subsubsection.14.1.1}{\376\377\000A\000n\000n\000u\000a\000l\000\040\000R\000e\000p\000o\000r\000t}{subsection.14.1}% 53
\BOOKMARK [3][-]{subsubsection.14.1.2}{\376\377\000M\000i\000d\000-\000Y\000e\000a\000r\000\040\000R\000e\000p\000o\000r\000t}{subsection.14.1}% 54
\BOOKMARK [1][-]{section.15}{\376\377\000T\000h\000e\000\040\000S\000e\000c\000r\000e\000t\000a\000r\000y}{}% 55
\BOOKMARK [2][-]{subsection.15.1}{\376\377\000D\000u\000t\000i\000e\000s}{section.15}% 56
\BOOKMARK [1][-]{section.16}{\376\377\000T\000h\000e\000\040\000P\000a\000r\000t\000n\000e\000r\000s\000h\000i\000p\000s\000\040\000a\000n\000d\000\040\000S\000p\000o\000n\000s\000o\000r\000s\000h\000i\000p\000s\000\040\000M\000a\000n\000a\000g\000e\000r}{}% 57
\BOOKMARK [2][-]{subsection.16.1}{\376\377\000D\000u\000t\000i\000e\000s}{section.16}% 58
\BOOKMARK [3][-]{subsubsection.16.1.1}{\376\377\000A\000n\000n\000u\000a\000l\000\040\000S\000p\000o\000n\000s\000o\000r\000\040\000R\000e\000v\000i\000e\000w\000\040\000R\000e\000p\000o\000r\000t}{subsection.16.1}% 59
\BOOKMARK [1][-]{section.17}{\376\377\000B\000u\000s\000i\000n\000e\000s\000s\000\040\000M\000a\000n\000a\000g\000e\000r}{}% 60
\BOOKMARK [2][-]{subsection.17.1}{\376\377\000D\000u\000t\000i\000e\000s}{section.17}% 61
\BOOKMARK [1][-]{section.18}{\376\377\000T\000h\000e\000\040\000D\000u\000c\000k\000\040\000L\000o\000u\000n\000g\000e\000\040\000L\000i\000a\000i\000s\000o\000n}{}% 62
\BOOKMARK [2][-]{subsection.18.1}{\376\377\000D\000u\000t\000i\000e\000s}{section.18}% 63
\BOOKMARK [1][-]{section.19}{\376\377\000G\000r\000a\000p\000h\000i\000c\000\040\000D\000e\000s\000i\000g\000n\000e\000r}{}% 64
\BOOKMARK [2][-]{subsection.19.1}{\376\377\000D\000u\000t\000i\000e\000s}{section.19}% 65
\BOOKMARK [1][-]{section.20}{\376\377\000T\000h\000e\000\040\000S\000o\000c\000i\000a\000l\000\040\000M\000e\000d\000i\000a\000\040\000a\000n\000d\000\040\000M\000a\000r\000k\000e\000t\000i\000n\000g\000\040\000M\000a\000n\000a\000g\000e\000r}{}% 66
\BOOKMARK [2][-]{subsection.20.1}{\376\377\000D\000u\000t\000i\000e\000s}{section.20}% 67
\BOOKMARK [1][-]{section.21}{\376\377\000T\000h\000e\000\040\000F\000i\000r\000s\000t\000\040\000Y\000e\000a\000r\000\040\000R\000e\000p\000r\000e\000s\000e\000n\000t\000a\000t\000i\000v\000e}{}% 68
\BOOKMARK [2][-]{subsection.21.1}{\376\377\000D\000u\000t\000i\000e\000s}{section.21}% 69
\BOOKMARK [1][-]{section.22}{\376\377\000G\000e\000n\000e\000r\000a\000l\000\040\000C\000o\000m\000m\000i\000t\000t\000e\000e}{}% 70
\BOOKMARK [2][-]{subsection.22.1}{\376\377\000D\000u\000t\000i\000e\000s}{section.22}% 71
\BOOKMARK [2][-]{subsection.22.2}{\376\377\000A\000b\000i\000l\000i\000t\000y\000\040\000t\000o\000\040\000a\000p\000p\000o\000i\000n\000t\000\040\000a\000d\000d\000i\000t\000i\000o\000n\000a\000l\000\040\000m\000e\000m\000b\000e\000r\000s}{section.22}% 72
\BOOKMARK [1][-]{section.23}{\376\377\000C\000l\000u\000b\000\040\000F\000i\000n\000a\000n\000c\000e\000s}{}% 73
\BOOKMARK [2][-]{subsection.23.1}{\376\377\000B\000a\000n\000k\000\040\000A\000c\000c\000o\000u\000n\000t}{section.23}% 74
\BOOKMARK [2][-]{subsection.23.2}{\376\377\000S\000i\000g\000n\000a\000t\000o\000r\000i\000e\000s}{section.23}% 75
\BOOKMARK [2][-]{subsection.23.3}{\376\377\000M\000i\000n\000i\000m\000u\000m\000\040\000b\000a\000l\000a\000n\000c\000e}{section.23}% 76
\BOOKMARK [2][-]{subsection.23.4}{\376\377\000A\000u\000t\000h\000o\000r\000i\000t\000y\000\040\000t\000o\000\040\000a\000c\000c\000e\000s\000s\000\040\000f\000u\000n\000d\000s}{section.23}% 77
\BOOKMARK [1][-]{section.24}{\376\377\000G\000e\000n\000e\000r\000a\000l\000\040\000M\000e\000e\000t\000i\000n\000g\000s}{}% 78
\BOOKMARK [2][-]{subsection.24.1}{\376\377\000P\000u\000r\000p\000o\000s\000e}{section.24}% 79
\BOOKMARK [2][-]{subsection.24.2}{\376\377\000C\000a\000l\000l\000i\000n\000g\000\040\000a\000\040\000m\000e\000e\000t\000i\000n\000g}{section.24}% 80
\BOOKMARK [2][-]{subsection.24.3}{\376\377\000T\000i\000m\000i\000n\000g}{section.24}% 81
\BOOKMARK [2][-]{subsection.24.4}{\376\377\000C\000o\000n\000d\000u\000c\000t\000i\000n\000g\000\040\000a\000\040\000m\000e\000e\000t\000i\000n\000g}{section.24}% 82
\BOOKMARK [3][-]{subsubsection.24.4.1}{\376\377\000V\000o\000t\000i\000n\000g}{subsection.24.4}% 83
\BOOKMARK [3][-]{subsubsection.24.4.2}{\376\377\000R\000e\000c\000o\000r\000d\000\040\000k\000e\000e\000p\000i\000n\000g}{subsection.24.4}% 84
\BOOKMARK [1][-]{section.25}{\376\377\000T\000h\000e\000\040\000A\000n\000n\000u\000a\000l\000\040\000G\000e\000n\000e\000r\000a\000l\000\040\000M\000e\000e\000t\000i\000n\000g}{}% 85
\BOOKMARK [2][-]{subsection.25.1}{\376\377\000D\000e\000f\000i\000n\000i\000t\000i\000o\000n}{section.25}% 86
\BOOKMARK [2][-]{subsection.25.2}{\376\377\000A\000n\000n\000u\000a\000l\000\040\000o\000c\000c\000u\000r\000r\000e\000n\000c\000e}{section.25}% 87
\BOOKMARK [2][-]{subsection.25.3}{\376\377\000E\000l\000e\000c\000t\000i\000n\000g\000\040\000O\000f\000f\000i\000c\000e\000r\000s}{section.25}% 88
\BOOKMARK [1][-]{section.26}{\376\377\000T\000h\000e\000\040\000T\000r\000u\000s\000t\000e\000e\000s\000\040\000u\000p\000o\000n\000\040\000W\000i\000n\000d\000i\000n\000g\000\040\000U\000p}{}% 89
\BOOKMARK [1][-]{section.27}{\376\377\000T\000h\000e\000\040\000C\000o\000n\000s\000t\000i\000t\000u\000t\000i\000o\000n}{}% 90
\BOOKMARK [2][-]{subsection.27.1}{\376\377\000I\000n\000t\000e\000r\000p\000r\000e\000t\000a\000t\000i\000o\000n}{section.27}% 91
\BOOKMARK [2][-]{subsection.27.2}{\376\377\000E\000f\000f\000e\000c\000t\000i\000v\000e\000n\000e\000s\000s}{section.27}% 92
\BOOKMARK [2][-]{subsection.27.3}{\376\377\000A\000m\000e\000n\000d\000m\000e\000n\000t\000s}{section.27}% 93
